<?xml version="1.0" encoding="UTF-8"?>
<testsuite xmlns:xsi="http://www.w3.org/2001/XMLSchema-instance" xsi:noNamespaceSchemaLocation="https://maven.apache.org/surefire/maven-surefire-plugin/xsd/surefire-test-report.xsd" name="TestSuite" time="89.103" tests="2" errors="0" skipped="0" failures="1">
  <properties>
    <property name="sun.desktop" value="windows"/>
    <property name="awt.toolkit" value="sun.awt.windows.WToolkit"/>
    <property name="file.encoding.pkg" value="sun.io"/>
    <property name="java.specification.version" value="1.8"/>
    <property name="sun.cpu.isalist" value="amd64"/>
    <property name="sun.jnu.encoding" value="GBK"/>
    <property name="java.class.path" value="D:\JavaPro\ZuiAppium\NMB_UI_JAVA\target\test-classes;D:\JavaPro\ZuiAppium\NMB_UI_JAVA\target\classes;D:\maven_repository\io\appium\java-client\7.0.0\java-client-7.0.0.jar;D:\maven_repository\org\seleniumhq\selenium\selenium-java\3.141.59\selenium-java-3.141.59.jar;D:\maven_repository\org\seleniumhq\selenium\selenium-chrome-driver\3.141.59\selenium-chrome-driver-3.141.59.jar;D:\maven_repository\org\seleniumhq\selenium\selenium-edge-driver\3.141.59\selenium-edge-driver-3.141.59.jar;D:\maven_repository\org\seleniumhq\selenium\selenium-firefox-driver\3.141.59\selenium-firefox-driver-3.141.59.jar;D:\maven_repository\org\seleniumhq\selenium\selenium-ie-driver\3.141.59\selenium-ie-driver-3.141.59.jar;D:\maven_repository\org\seleniumhq\selenium\selenium-opera-driver\3.141.59\selenium-opera-driver-3.141.59.jar;D:\maven_repository\org\seleniumhq\selenium\selenium-remote-driver\3.141.59\selenium-remote-driver-3.141.59.jar;D:\maven_repository\org\seleniumhq\selenium\selenium-safari-driver\3.141.59\selenium-safari-driver-3.141.59.jar;D:\maven_repository\net\bytebuddy\byte-buddy\1.8.15\byte-buddy-1.8.15.jar;D:\maven_repository\org\apache\commons\commons-exec\1.3\commons-exec-1.3.jar;D:\maven_repository\com\google\guava\guava\25.0-jre\guava-25.0-jre.jar;D:\maven_repository\com\google\code\findbugs\jsr305\1.3.9\jsr305-1.3.9.jar;D:\maven_repository\org\checkerframework\checker-compat-qual\2.0.0\checker-compat-qual-2.0.0.jar;D:\maven_repository\com\google\errorprone\error_prone_annotations\2.1.3\error_prone_annotations-2.1.3.jar;D:\maven_repository\com\google\j2objc\j2objc-annotations\1.1\j2objc-annotations-1.1.jar;D:\maven_repository\org\codehaus\mojo\animal-sniffer-annotations\1.14\animal-sniffer-annotations-1.14.jar;D:\maven_repository\com\squareup\okhttp3\okhttp\3.11.0\okhttp-3.11.0.jar;D:\maven_repository\com\squareup\okio\okio\1.14.0\okio-1.14.0.jar;D:\maven_repository\org\seleniumhq\selenium\selenium-support\3.141.59\selenium-support-3.141.59.jar;D:\maven_repository\org\seleniumhq\selenium\selenium-api\3.141.59\selenium-api-3.141.59.jar;D:\maven_repository\com\google\code\gson\gson\2.8.5\gson-2.8.5.jar;D:\maven_repository\org\apache\httpcomponents\httpclient\4.5.6\httpclient-4.5.6.jar;D:\maven_repository\org\apache\httpcomponents\httpcore\4.4.10\httpcore-4.4.10.jar;D:\maven_repository\commons-logging\commons-logging\1.2\commons-logging-1.2.jar;D:\maven_repository\commons-codec\commons-codec\1.10\commons-codec-1.10.jar;D:\maven_repository\cglib\cglib\3.2.8\cglib-3.2.8.jar;D:\maven_repository\org\ow2\asm\asm\6.2.1\asm-6.2.1.jar;D:\maven_repository\org\apache\ant\ant\1.10.3\ant-1.10.3.jar;D:\maven_repository\org\apache\ant\ant-launcher\1.10.3\ant-launcher-1.10.3.jar;D:\maven_repository\commons-validator\commons-validator\1.6\commons-validator-1.6.jar;D:\maven_repository\commons-beanutils\commons-beanutils\1.9.2\commons-beanutils-1.9.2.jar;D:\maven_repository\commons-digester\commons-digester\1.8.1\commons-digester-1.8.1.jar;D:\maven_repository\commons-collections\commons-collections\3.2.2\commons-collections-3.2.2.jar;D:\maven_repository\org\apache\commons\commons-lang3\3.8\commons-lang3-3.8.jar;D:\maven_repository\commons-io\commons-io\2.6\commons-io-2.6.jar;D:\maven_repository\org\springframework\spring-context\5.1.0.RELEASE\spring-context-5.1.0.RELEASE.jar;D:\maven_repository\org\springframework\spring-aop\5.1.0.RELEASE\spring-aop-5.1.0.RELEASE.jar;D:\maven_repository\org\springframework\spring-beans\5.1.0.RELEASE\spring-beans-5.1.0.RELEASE.jar;D:\maven_repository\org\springframework\spring-core\5.1.0.RELEASE\spring-core-5.1.0.RELEASE.jar;D:\maven_repository\org\springframework\spring-jcl\5.1.0.RELEASE\spring-jcl-5.1.0.RELEASE.jar;D:\maven_repository\org\springframework\spring-expression\5.1.0.RELEASE\spring-expression-5.1.0.RELEASE.jar;D:\maven_repository\org\aspectj\aspectjweaver\1.9.1\aspectjweaver-1.9.1.jar;D:\maven_repository\org\slf4j\slf4j-api\1.7.25\slf4j-api-1.7.25.jar;D:\maven_repository\org\testng\testng\7.0.0\testng-7.0.0.jar;D:\maven_repository\com\beust\jcommander\1.72\jcommander-1.72.jar;D:\maven_repository\log4j\log4j\1.2.17\log4j-1.2.17.jar;D:\maven_repository\io\qameta\allure\allure-testng\2.12.1\allure-testng-2.12.1.jar;D:\maven_repository\io\qameta\allure\allure-java-commons\2.12.1\allure-java-commons-2.12.1.jar;D:\maven_repository\io\qameta\allure\allure-model\2.12.1\allure-model-2.12.1.jar;D:\maven_repository\com\fasterxml\jackson\core\jackson-databind\2.9.8\jackson-databind-2.9.8.jar;D:\maven_repository\com\fasterxml\jackson\core\jackson-annotations\2.9.0\jackson-annotations-2.9.0.jar;D:\maven_repository\com\fasterxml\jackson\core\jackson-core\2.9.8\jackson-core-2.9.8.jar;D:\maven_repository\org\apache\tika\tika-core\1.20\tika-core-1.20.jar;D:\maven_repository\org\jooq\joor-java-8\0.9.10\joor-java-8-0.9.10.jar;"/>
    <property name="java.vm.vendor" value="Amazon.com Inc."/>
    <property name="sun.arch.data.model" value="64"/>
    <property name="user.variant" value=""/>
    <property name="java.vendor.url" value="https://aws.amazon.com/corretto/"/>
    <property name="user.timezone" value="Asia/Shanghai"/>
    <property name="java.vm.specification.version" value="1.8"/>
    <property name="os.name" value="Windows 10"/>
    <property name="user.country" value="CN"/>
    <property name="sun.java.launcher" value="SUN_STANDARD"/>
    <property name="sun.boot.library.path" value="C:\Users\zhangxx21\Downloads\amazon-corretto-8.332.08.1-windows-x64-jdk\jdk1.8.0_332\jre\bin"/>
    <property name="sun.java.command" value="C:\Users\ZHANGX~1\AppData\Local\Temp\surefire3512123093990237341\surefirebooter5390302807508144811.jar C:\Users\zhangxx21\AppData\Local\Temp\surefire3512123093990237341 2022-06-20T15-49-50_696-jvmRun1 surefire3603053231209162618tmp surefire_04693053702138927666tmp"/>
    <property name="surefire.test.class.path" value="D:\JavaPro\ZuiAppium\NMB_UI_JAVA\target\test-classes;D:\JavaPro\ZuiAppium\NMB_UI_JAVA\target\classes;D:\maven_repository\io\appium\java-client\7.0.0\java-client-7.0.0.jar;D:\maven_repository\org\seleniumhq\selenium\selenium-java\3.141.59\selenium-java-3.141.59.jar;D:\maven_repository\org\seleniumhq\selenium\selenium-chrome-driver\3.141.59\selenium-chrome-driver-3.141.59.jar;D:\maven_repository\org\seleniumhq\selenium\selenium-edge-driver\3.141.59\selenium-edge-driver-3.141.59.jar;D:\maven_repository\org\seleniumhq\selenium\selenium-firefox-driver\3.141.59\selenium-firefox-driver-3.141.59.jar;D:\maven_repository\org\seleniumhq\selenium\selenium-ie-driver\3.141.59\selenium-ie-driver-3.141.59.jar;D:\maven_repository\org\seleniumhq\selenium\selenium-opera-driver\3.141.59\selenium-opera-driver-3.141.59.jar;D:\maven_repository\org\seleniumhq\selenium\selenium-remote-driver\3.141.59\selenium-remote-driver-3.141.59.jar;D:\maven_repository\org\seleniumhq\selenium\selenium-safari-driver\3.141.59\selenium-safari-driver-3.141.59.jar;D:\maven_repository\net\bytebuddy\byte-buddy\1.8.15\byte-buddy-1.8.15.jar;D:\maven_repository\org\apache\commons\commons-exec\1.3\commons-exec-1.3.jar;D:\maven_repository\com\google\guava\guava\25.0-jre\guava-25.0-jre.jar;D:\maven_repository\com\google\code\findbugs\jsr305\1.3.9\jsr305-1.3.9.jar;D:\maven_repository\org\checkerframework\checker-compat-qual\2.0.0\checker-compat-qual-2.0.0.jar;D:\maven_repository\com\google\errorprone\error_prone_annotations\2.1.3\error_prone_annotations-2.1.3.jar;D:\maven_repository\com\google\j2objc\j2objc-annotations\1.1\j2objc-annotations-1.1.jar;D:\maven_repository\org\codehaus\mojo\animal-sniffer-annotations\1.14\animal-sniffer-annotations-1.14.jar;D:\maven_repository\com\squareup\okhttp3\okhttp\3.11.0\okhttp-3.11.0.jar;D:\maven_repository\com\squareup\okio\okio\1.14.0\okio-1.14.0.jar;D:\maven_repository\org\seleniumhq\selenium\selenium-support\3.141.59\selenium-support-3.141.59.jar;D:\maven_repository\org\seleniumhq\selenium\selenium-api\3.141.59\selenium-api-3.141.59.jar;D:\maven_repository\com\google\code\gson\gson\2.8.5\gson-2.8.5.jar;D:\maven_repository\org\apache\httpcomponents\httpclient\4.5.6\httpclient-4.5.6.jar;D:\maven_repository\org\apache\httpcomponents\httpcore\4.4.10\httpcore-4.4.10.jar;D:\maven_repository\commons-logging\commons-logging\1.2\commons-logging-1.2.jar;D:\maven_repository\commons-codec\commons-codec\1.10\commons-codec-1.10.jar;D:\maven_repository\cglib\cglib\3.2.8\cglib-3.2.8.jar;D:\maven_repository\org\ow2\asm\asm\6.2.1\asm-6.2.1.jar;D:\maven_repository\org\apache\ant\ant\1.10.3\ant-1.10.3.jar;D:\maven_repository\org\apache\ant\ant-launcher\1.10.3\ant-launcher-1.10.3.jar;D:\maven_repository\commons-validator\commons-validator\1.6\commons-validator-1.6.jar;D:\maven_repository\commons-beanutils\commons-beanutils\1.9.2\commons-beanutils-1.9.2.jar;D:\maven_repository\commons-digester\commons-digester\1.8.1\commons-digester-1.8.1.jar;D:\maven_repository\commons-collections\commons-collections\3.2.2\commons-collections-3.2.2.jar;D:\maven_repository\org\apache\commons\commons-lang3\3.8\commons-lang3-3.8.jar;D:\maven_repository\commons-io\commons-io\2.6\commons-io-2.6.jar;D:\maven_repository\org\springframework\spring-context\5.1.0.RELEASE\spring-context-5.1.0.RELEASE.jar;D:\maven_repository\org\springframework\spring-aop\5.1.0.RELEASE\spring-aop-5.1.0.RELEASE.jar;D:\maven_repository\org\springframework\spring-beans\5.1.0.RELEASE\spring-beans-5.1.0.RELEASE.jar;D:\maven_repository\org\springframework\spring-core\5.1.0.RELEASE\spring-core-5.1.0.RELEASE.jar;D:\maven_repository\org\springframework\spring-jcl\5.1.0.RELEASE\spring-jcl-5.1.0.RELEASE.jar;D:\maven_repository\org\springframework\spring-expression\5.1.0.RELEASE\spring-expression-5.1.0.RELEASE.jar;D:\maven_repository\org\aspectj\aspectjweaver\1.9.1\aspectjweaver-1.9.1.jar;D:\maven_repository\org\slf4j\slf4j-api\1.7.25\slf4j-api-1.7.25.jar;D:\maven_repository\org\testng\testng\7.0.0\testng-7.0.0.jar;D:\maven_repository\com\beust\jcommander\1.72\jcommander-1.72.jar;D:\maven_repository\log4j\log4j\1.2.17\log4j-1.2.17.jar;D:\maven_repository\io\qameta\allure\allure-testng\2.12.1\allure-testng-2.12.1.jar;D:\maven_repository\io\qameta\allure\allure-java-commons\2.12.1\allure-java-commons-2.12.1.jar;D:\maven_repository\io\qameta\allure\allure-model\2.12.1\allure-model-2.12.1.jar;D:\maven_repository\com\fasterxml\jackson\core\jackson-databind\2.9.8\jackson-databind-2.9.8.jar;D:\maven_repository\com\fasterxml\jackson\core\jackson-annotations\2.9.0\jackson-annotations-2.9.0.jar;D:\maven_repository\com\fasterxml\jackson\core\jackson-core\2.9.8\jackson-core-2.9.8.jar;D:\maven_repository\org\apache\tika\tika-core\1.20\tika-core-1.20.jar;D:\maven_repository\org\jooq\joor-java-8\0.9.10\joor-java-8-0.9.10.jar;"/>
    <property name="sun.cpu.endian" value="little"/>
    <property name="allure.results.directory" value="D:\JavaPro\ZuiAppium\NMB_UI_JAVA\target/allure-results"/>
    <property name="user.home" value="C:\Users\zhangxx21"/>
    <property name="user.language" value="zh"/>
    <property name="java.specification.vendor" value="Oracle Corporation"/>
    <property name="java.home" value="C:\Users\zhangxx21\Downloads\amazon-corretto-8.332.08.1-windows-x64-jdk\jdk1.8.0_332\jre"/>
    <property name="basedir" value="D:\JavaPro\ZuiAppium\NMB_UI_JAVA"/>
    <property name="file.separator" value="\"/>
    <property name="line.separator" value="&#10;"/>
    <property name="java.vm.specification.vendor" value="Oracle Corporation"/>
    <property name="java.specification.name" value="Java Platform API Specification"/>
    <property name="java.awt.graphicsenv" value="sun.awt.Win32GraphicsEnvironment"/>
    <property name="surefire.real.class.path" value="C:\Users\ZHANGX~1\AppData\Local\Temp\surefire3512123093990237341\surefirebooter5390302807508144811.jar;D:\maven_repository/org/aspectj/aspectjweaver/1.8.10/aspectjweaver-1.8.10.jar"/>
    <property name="sun.boot.class.path" value="C:\Users\zhangxx21\Downloads\amazon-corretto-8.332.08.1-windows-x64-jdk\jdk1.8.0_332\jre\lib\resources.jar;C:\Users\zhangxx21\Downloads\amazon-corretto-8.332.08.1-windows-x64-jdk\jdk1.8.0_332\jre\lib\rt.jar;C:\Users\zhangxx21\Downloads\amazon-corretto-8.332.08.1-windows-x64-jdk\jdk1.8.0_332\jre\lib\sunrsasign.jar;C:\Users\zhangxx21\Downloads\amazon-corretto-8.332.08.1-windows-x64-jdk\jdk1.8.0_332\jre\lib\jsse.jar;C:\Users\zhangxx21\Downloads\amazon-corretto-8.332.08.1-windows-x64-jdk\jdk1.8.0_332\jre\lib\jce.jar;C:\Users\zhangxx21\Downloads\amazon-corretto-8.332.08.1-windows-x64-jdk\jdk1.8.0_332\jre\lib\charsets.jar;C:\Users\zhangxx21\Downloads\amazon-corretto-8.332.08.1-windows-x64-jdk\jdk1.8.0_332\jre\lib\jfr.jar;C:\Users\zhangxx21\Downloads\amazon-corretto-8.332.08.1-windows-x64-jdk\jdk1.8.0_332\jre\classes"/>
    <property name="user.script" value=""/>
    <property name="sun.management.compiler" value="HotSpot 64-Bit Tiered Compilers"/>
    <property name="java.runtime.version" value="1.8.0_332-b08"/>
    <property name="user.name" value="zhangxx21"/>
    <property name="path.separator" value=";"/>
    <property name="os.version" value="10.0"/>
    <property name="java.endorsed.dirs" value="C:\Users\zhangxx21\Downloads\amazon-corretto-8.332.08.1-windows-x64-jdk\jdk1.8.0_332\jre\lib\endorsed"/>
    <property name="java.runtime.name" value="OpenJDK Runtime Environment"/>
    <property name="file.encoding" value="UTF-8"/>
    <property name="java.vm.name" value="OpenJDK 64-Bit Server VM"/>
    <property name="localRepository" value="D:\maven_repository"/>
    <property name="java.vendor.url.bug" value="https://github.com/corretto/corretto-8/issues/"/>
    <property name="java.io.tmpdir" value="C:\Users\ZHANGX~1\AppData\Local\Temp\"/>
    <property name="java.version" value="1.8.0_332"/>
    <property name="user.dir" value="D:\JavaPro\ZuiAppium\NMB_UI_JAVA"/>
    <property name="os.arch" value="amd64"/>
    <property name="java.vm.specification.name" value="Java Virtual Machine Specification"/>
    <property name="java.awt.printerjob" value="sun.awt.windows.WPrinterJob"/>
    <property name="sun.os.patch.level" value=""/>
    <property name="java.library.path" value="C:\Users\zhangxx21\Downloads\amazon-corretto-8.332.08.1-windows-x64-jdk\jdk1.8.0_332\jre\bin;C:\windows\Sun\Java\bin;C:\windows\system32;C:\windows;C:\windows\system32;C:\windows;C:\windows\System32\Wbem;C:\windows\System32\WindowsPowerShell\v1.0\;C:\windows\System32\OpenSSH\;D:\soft\Git\cmd;D:\soft\android-sdk-windows-appium\tools\bin;D:\soft\android-sdk-windows-appium\build-tools\28.0.3;D:\soft\android-sdk-windows-appium\platform-tools;D:\soft\android-sdk-windows-appium\tools;D:\soft\python;C:\Program Files\TortoiseSVN\bin;D:\soft\python\Scripts;D:\mysql\mysql-5.6.47-winx64\bin;C:\Users\zhangxx21\Downloads\amazon-corretto-8.332.08.1-windows-x64-jdk\jdk1.8.0_332\bin;C:\Program Files\nodejs\;%APPDATA%\picgo\data.json;D:\soft\allure-2.17.3\bin;D:\soft\apache-maven-3.5.2\bin;%USERPROFILE%\AppData\Local\Microsoft\WindowsApps;C:\Users\zhangxx21\AppData\Roaming\npm;C:\Program Files (x86)\Tencent\QQGameTempest\Hall.57795\;."/>
    <property name="java.vm.info" value="mixed mode"/>
    <property name="java.vendor" value="Amazon.com Inc."/>
    <property name="java.vm.version" value="25.332-b08"/>
    <property name="java.ext.dirs" value="C:\Users\zhangxx21\Downloads\amazon-corretto-8.332.08.1-windows-x64-jdk\jdk1.8.0_332\jre\lib\ext;C:\windows\Sun\Java\lib\ext"/>
    <property name="sun.io.unicode.encoding" value="UnicodeLittle"/>
    <property name="java.class.version" value="52.0"/>
  </properties>
  <testcase name="test_login_success" classname="com.framework.testcases.TestLogin" time="19.187"/>
  <testcase name="test_add_cart" classname="com.framework.testcases.TestCart" time="11.541">
    <failure message="Expected condition failed: waiting for element to be clickable: By.xpath: //div[text()=&apos;092949-BXqRZ&apos;] (tried for 10 second(s) with 500 milliseconds interval)" type="org.openqa.selenium.TimeoutException">org.openqa.selenium.TimeoutException: Expected condition failed: waiting for element to be clickable: By.xpath: //div[text()='092949-BXqRZ'] (tried for 10 second(s) with 500 milliseconds interval)
	at com.framework.testcases.TestCart.waitElementClickable(TestCart.java:98)
	at com.framework.testcases.TestCart.test_add_cart(TestCart.java:48)
Caused by: org.openqa.selenium.NoSuchElementException: 
no such element: Unable to locate element: {"method":"xpath","selector":"//div[text()='092949-BXqRZ']"}
  (Session info: chrome=102.0.5005.63)
For documentation on this error, please visit: https://www.seleniumhq.org/exceptions/no_such_element.html
Build info: version: '3.141.59', revision: 'e82be7d358', time: '2018-11-14T08:17:03'
System info: host: 'ZHANGXX21XD5YEC', ip: '192.168.1.13', os.name: 'Windows 10', os.arch: 'amd64', os.version: '10.0', java.version: '1.8.0_332'
Driver info: org.openqa.selenium.chrome.ChromeDriver
Capabilities {acceptInsecureCerts: false, browserName: chrome, browserVersion: 102.0.5005.63, chrome: {chromedriverVersion: 102.0.5005.61 (0e59bcc00cc4..., userDataDir: C:\Users\ZHANGX~1\AppData\L...}, goog:chromeOptions: {debuggerAddress: localhost:61745}, javascriptEnabled: true, networkConnectionEnabled: false, pageLoadStrategy: normal, platform: WINDOWS, platformName: WINDOWS, proxy: Proxy(), setWindowRect: true, strictFileInteractability: false, timeouts: {implicit: 0, pageLoad: 300000, script: 30000}, unhandledPromptBehavior: dismiss and notify, webauthn:extension:credBlob: true, webauthn:extension:largeBlob: true, webauthn:virtualAuthenticators: true}
Session ID: 06f2fee4154350234b7a1bb65d4be472
*** Element info: {Using=xpath, value=//div[text()='092949-BXqRZ']}
	at com.framework.testcases.TestCart.waitElementClickable(TestCart.java:98)
	at com.framework.testcases.TestCart.test_add_cart(TestCart.java:48)
</failure>
  </testcase>
</testsuite>